<?xml version="1.0" encoding="UTF-8"?>
<!-- Generated by org.testng.reporters.JUnitXMLReporter -->
<testsuite hostname="Paresis-MacBook-Air-2.local" ignored="0" name="Smoke Test on chrome" tests="1" failures="1" timestamp="2019-10-30T10:34:50 EDT" time="15.149" errors="0">
  <testcase name="testGoogleSearch" time="8.741" classname="example.FirstExampleSearchTestNG">
    <failure type="java.lang.AssertionError" message="expected [kroran san diego - Google Search] but found [Kroran San Diego - Google Search]">
      <![CDATA[java.lang.AssertionError: expected [kroran san diego - Google Search] but found [Kroran San Diego - Google Search]
at example.FirstExampleSearchTestNG.testGoogleSearch(FirstExampleSearchTestNG.java:60)
at java.util.ArrayList.forEach(ArrayList.java:1257)
... Removed 32 stack frames]]>
    </failure>
  </testcase> <!-- testGoogleSearch -->
</testsuite> <!-- Smoke Test on chrome -->
